<?xml version="1.0" encoding="UTF-8"?>
<Site BuildName="Win32-MSBuild"
	BuildStamp="20240402-1953-Experimental"
	Name="HOUSE-PARTY"
	Generator="ctest-3.27.2-msvc1"
	CompilerName="C:/Program Files (x86)/Microsoft Visual Studio/2022/BuildTools/VC/Tools/MSVC/14.38.33130/bin/Hostx86/x64/cl.exe"
	CompilerVersion="19.38.33134.0"
	OSName="Windows"
	Hostname="HOUSE-PARTY"
	OSRelease=" Personal"
	OSVersion=" (Build 22631)"
	OSPlatform="x86"
	Is64Bits="1"
	VendorString="GenuineIntel"
	VendorID="Intel Corporation"
	FamilyID="6"
	ModelID="10"
	ProcessorCacheSize="-1"
	NumberOfLogicalCPU="22"
	NumberOfPhysicalCPU="16"
	TotalVirtualMemory="29744"
	TotalPhysicalMemory="15920"
	LogicalProcessorsPerPhysical="1"
	ProcessorClockFrequency="2998"
	>
	<Testing>
		<StartDateTime>Apr 02 15:09 Pacific Daylight Time</StartDateTime>
		<StartTestTime>1712095792</StartTestTime>
		<TestList/>
		<EndDateTime>Apr 02 15:09 Pacific Daylight Time</EndDateTime>
		<EndTestTime>1712095792</EndTestTime>
		<ElapsedMinutes>0</ElapsedMinutes>
	</Testing>
</Site>
